START
Listening at http://0.0.0.0:4555
Result
{"result":"success","tx":"7BB0EDC870D50B6F4799D8972CC1C0D050E236B7FD36C11EB219D17868BB552A"}
START
Listening at http://0.0.0.0:4555
START
Listening at http://0.0.0.0:4555
Result
{"result":"success","tx":"7ADBA5141B38F1A5508F8DFBF47B811C41306D18E33E0AF08D6DC701627CEB2D"}
Result
{"result":"success","tx":"ACC058065843C34A703C9650C413F38B64A966C5CBBF445F195181DF4624B1EA"}
Result
SyntaxError: Unexpected end of JSON input
    at JSON.parse (<anonymous>)
    at faucet (/home/ubuntu/FirmaChain-Faucet/faucet.js:21:36)
    at IncomingMessage.<anonymous> (/home/ubuntu/FirmaChain-Faucet/faucet.js:54:23)
    at emitNone (events.js:106:13)
    at IncomingMessage.emit (events.js:208:7)
    at endReadableNT (_stream_readable.js:1064:12)
    at _combinedTickCallback (internal/process/next_tick.js:138:11)
    at process._tickCallback (internal/process/next_tick.js:180:9)
START
Listening at http://0.0.0.0:4555
[object Object]
undefined
Result
SyntaxError: Unexpected end of JSON input
    at JSON.parse (<anonymous>)
    at faucet (/home/ubuntu/FirmaChain-Faucet/faucet.js:22:36)
    at IncomingMessage.<anonymous> (/home/ubuntu/FirmaChain-Faucet/faucet.js:55:23)
    at emitNone (events.js:106:13)
    at IncomingMessage.emit (events.js:208:7)
    at endReadableNT (_stream_readable.js:1064:12)
    at _combinedTickCallback (internal/process/next_tick.js:138:11)
    at process._tickCallback (internal/process/next_tick.js:180:9)
START
Listening at http://0.0.0.0:4555

undefined
Result
SyntaxError: Unexpected end of JSON input
    at JSON.parse (<anonymous>)
    at faucet (/home/ubuntu/FirmaChain-Faucet/faucet.js:22:36)
    at IncomingMessage.<anonymous> (/home/ubuntu/FirmaChain-Faucet/faucet.js:55:23)
    at emitNone (events.js:106:13)
    at IncomingMessage.emit (events.js:208:7)
    at endReadableNT (_stream_readable.js:1064:12)
    at _combinedTickCallback (internal/process/next_tick.js:138:11)
    at process._tickCallback (internal/process/next_tick.js:180:9)
START
Listening at http://0.0.0.0:4555
ERROR: decoding bech32 failed: checksum failed. Expected 3r9jwh, got 3r9jwa.

undefined
Result
SyntaxError: Unexpected end of JSON input
    at JSON.parse (<anonymous>)
    at faucet (/home/ubuntu/FirmaChain-Faucet/faucet.js:22:36)
    at IncomingMessage.<anonymous> (/home/ubuntu/FirmaChain-Faucet/faucet.js:55:23)
    at emitNone (events.js:106:13)
    at IncomingMessage.emit (events.js:208:7)
    at endReadableNT (_stream_readable.js:1064:12)
    at _combinedTickCallback (internal/process/next_tick.js:138:11)
    at process._tickCallback (internal/process/next_tick.js:180:9)
START
Listening at http://0.0.0.0:4555
Result
{"result":"failed"}
Result
{"result":"failed"}
START
Listening at http://0.0.0.0:4555

undefined
Result
{"result":"failed"}
START
Listening at http://0.0.0.0:4555

undefined
Result
{"result":"failed"}
START
Listening at http://0.0.0.0:4555
Result
{"result":"success","tx":"6ED137C2A1C6073681C121B369C518690E5E3FD17608A7F0C9165B736CDC36B4"}
Result
{"result":"failed"}
Result
{"result":"success","tx":"48697D01E025CC24BA1769DCC8A492022BFC453BA8B01EC5013411207A71C58F"}
